Unified App running at http://localhost:5000
Analyzing video: C:\Users\menaga\OneDrive\Desktop\videohackathon\backend\uploads\1771627173892-10001-0035.mp4
Spawning Python: python
Script Path: C:\Users\menaga\OneDrive\Desktop\videohackathon\detector.py
Video File: C:\Users\menaga\OneDrive\Desktop\videohackathon\backend\uploads\1771627173892-10001-0035.mp4
Python process closed with exit code 0
Analyzing video: C:\Users\menaga\OneDrive\Desktop\videohackathon\backend\uploads\1771627242074-10001-0035.mp4
Spawning Python: python
Script Path: C:\Users\menaga\OneDrive\Desktop\videohackathon\detector.py
Video File: C:\Users\menaga\OneDrive\Desktop\videohackathon\backend\uploads\1771627242074-10001-0035.mp4
Analyzing video: C:\Users\menaga\OneDrive\Desktop\videohackathon\backend\uploads\1771627252188-KCA@2025_MATCH_25_1ST_INN_1_KCA@2025_MATCH_25_1ST_INN_1_20250902_-_14_-_Camera1_-_[14-41-48]_[14-41-53]_trimmed.mp4
Spawning Python: python
Script Path: C:\Users\menaga\OneDrive\Desktop\videohackathon\detector.py
Video File: C:\Users\menaga\OneDrive\Desktop\videohackathon\backend\uploads\1771627252188-KCA@2025_MATCH_25_1ST_INN_1_KCA@2025_MATCH_25_1ST_INN_1_20250902_-_14_-_Camera1_-_[14-41-48]_[14-41-53]_trimmed.mp4
Python process closed with exit code 0
Python process closed with exit code 0
Analyzing video: C:\Users\menaga\OneDrive\Desktop\videohackathon\backend\uploads\1771627268187-KCA@2025_MATCH_25_1ST_INN_1_KCA@2025_MATCH_25_1ST_INN_1_20250902_-_69_-_Camera1_-_[15-27-15]_[15-27-20]_trimmed.mp4
Spawning Python: python
Script Path: C:\Users\menaga\OneDrive\Desktop\videohackathon\detector.py
Video File: C:\Users\menaga\OneDrive\Desktop\videohackathon\backend\uploads\1771627268187-KCA@2025_MATCH_25_1ST_INN_1_KCA@2025_MATCH_25_1ST_INN_1_20250902_-_69_-_Camera1_-_[15-27-15]_[15-27-20]_trimmed.mp4
Python process closed with exit code 0
Analyzing video: C:\Users\menaga\OneDrive\Desktop\videohackathon\backend\uploads\1771627686151-10001-0035.mp4
Spawning Python: python
Script Path: C:\Users\menaga\OneDrive\Desktop\videohackathon\detector.py
Video File: C:\Users\menaga\OneDrive\Desktop\videohackathon\backend\uploads\1771627686151-10001-0035.mp4
Python process closed with exit code 0
Analyzing video: C:\Users\menaga\OneDrive\Desktop\videohackathon\backend\uploads\1771636984494-10001-0035.mp4
Spawning Python: python
Script Path: C:\Users\menaga\OneDrive\Desktop\videohackathon\detector.py
Video File: C:\Users\menaga\OneDrive\Desktop\videohackathon\backend\uploads\1771636984494-10001-0035.mp4
Python process closed with exit code 0
Analyzing video: C:\Users\menaga\OneDrive\Desktop\videohackathon\backend\uploads\1771640191065-10001-0035.mp4
Spawning Python: python
Script Path: C:\Users\menaga\OneDrive\Desktop\videohackathon\detector.py
Video File: C:\Users\menaga\OneDrive\Desktop\videohackathon\backend\uploads\1771640191065-10001-0035.mp4
Python process closed with exit code 0
Analyzing video: C:\Users\menaga\OneDrive\Desktop\videohackathon\backend\uploads\1771640574795-10001-0035.mp4
Spawning Python: python
Script Path: C:\Users\menaga\OneDrive\Desktop\videohackathon\detector.py
Video File: C:\Users\menaga\OneDrive\Desktop\videohackathon\backend\uploads\1771640574795-10001-0035.mp4
Python process closed with exit code 0
Analyzing video: C:\Users\menaga\OneDrive\Desktop\videohackathon\backend\uploads\1771641540721-10001-0035.mp4
Spawning Python: python
Script Path: C:\Users\menaga\OneDrive\Desktop\videohackathon\detector.py
Video File: C:\Users\menaga\OneDrive\Desktop\videohackathon\backend\uploads\1771641540721-10001-0035.mp4
Python process closed with exit code 0
Analyzing video: C:\Users\menaga\OneDrive\Desktop\videohackathon\backend\uploads\1771646268736-KCA@2025_MATCH_25_1ST_INN_1_KCA@2025_MATCH_25_1ST_INN_1_20250902_-_14_-_Camera1_-_[14-41-48]_[14-41-53]_trimmed.mp4
Spawning Python: python
Script Path: C:\Users\menaga\OneDrive\Desktop\videohackathon\detector.py
Video File: C:\Users\menaga\OneDrive\Desktop\videohackathon\backend\uploads\1771646268736-KCA@2025_MATCH_25_1ST_INN_1_KCA@2025_MATCH_25_1ST_INN_1_20250902_-_14_-_Camera1_-_[14-41-48]_[14-41-53]_trimmed.mp4
Python process closed with exit code 0
Analyzing video: C:\Users\menaga\OneDrive\Desktop\videohackathon\backend\uploads\1771646303802-KCA@2025_MATCH_25_1ST_INN_1_KCA@2025_MATCH_25_1ST_INN_1_20250902_-_69_-_Camera1_-_[15-27-15]_[15-27-20]_trimmed.mp4
Spawning Python: python
Script Path: C:\Users\menaga\OneDrive\Desktop\videohackathon\detector.py
Video File: C:\Users\menaga\OneDrive\Desktop\videohackathon\backend\uploads\1771646303802-KCA@2025_MATCH_25_1ST_INN_1_KCA@2025_MATCH_25_1ST_INN_1_20250902_-_69_-_Camera1_-_[15-27-15]_[15-27-20]_trimmed.mp4
Python process closed with exit code 0
Analyzing video: C:\Users\menaga\OneDrive\Desktop\videohackathon\backend\uploads\1771646334397-KCA@2025_MATCH_25_1ST_INN_1_KCA@2025_MATCH_25_1ST_INN_1_20250902_-_69_-_Camera1_-_[15-27-15]_[15-27-20]_trimmed.mp4
Spawning Python: python
Script Path: C:\Users\menaga\OneDrive\Desktop\videohackathon\detector.py
Video File: C:\Users\menaga\OneDrive\Desktop\videohackathon\backend\uploads\1771646334397-KCA@2025_MATCH_25_1ST_INN_1_KCA@2025_MATCH_25_1ST_INN_1_20250902_-_69_-_Camera1_-_[15-27-15]_[15-27-20]_trimmed.mp4
Python process closed with exit code 0
Analyzing video: C:\Users\menaga\OneDrive\Desktop\videohackathon\backend\uploads\1771646357888-10001-0035.mp4
Spawning Python: python
Script Path: C:\Users\menaga\OneDrive\Desktop\videohackathon\detector.py
Video File: C:\Users\menaga\OneDrive\Desktop\videohackathon\backend\uploads\1771646357888-10001-0035.mp4
Python process closed with exit code 0
